This is pdfTeX, Version 3.141592653-2.6-1.40.26 (TeX Live 2024) (preloaded format=pdflatex 2024.8.8)  16 SEP 2024 14:12
entering extended mode
 restricted \write18 enabled.
 %&-line parsing enabled.
**full_thesis.tex
(./full_thesis.tex
LaTeX2e <2023-11-01> patch level 1
L3 programming layer <2024-02-20>
(/usr/local/texlive/2024/texmf-dist/tex/latex/base/article.cls
Document Class: article 2023/05/17 v1.4n Standard LaTeX document class
(/usr/local/texlive/2024/texmf-dist/tex/latex/base/size12.clo
File: size12.clo 2023/05/17 v1.4n Standard LaTeX file (size option)
)
\c@part=\count188
\c@section=\count189
\c@subsection=\count190
\c@subsubsection=\count191
\c@paragraph=\count192
\c@subparagraph=\count193
\c@figure=\count194
\c@table=\count195
\abovecaptionskip=\skip48
\belowcaptionskip=\skip49
\bibindent=\dimen140
)
(/usr/local/texlive/2024/texmf-dist/tex/latex/base/fontenc.sty
Package: fontenc 2021/04/29 v2.0v Standard LaTeX package

(/usr/local/texlive/2024/texmf-dist/tex/latex/cyrillic/t2aenc.def
File: t2aenc.def 2022/06/11 v1.0j Cyrillic encoding definition file
Now handling font encoding T2A ...
... processing UTF-8 mapping file for font encoding T2A

(/usr/local/texlive/2024/texmf-dist/tex/latex/base/t2aenc.dfu
File: t2aenc.dfu 2022/06/07 v1.3c UTF-8 support
   defining Unicode char U+00A4 (decimal 164)
   defining Unicode char U+00A7 (decimal 167)
   defining Unicode char U+00AB (decimal 171)
   defining Unicode char U+00BB (decimal 187)
   defining Unicode char U+0131 (decimal 305)
   defining Unicode char U+0237 (decimal 567)
   defining Unicode char U+0400 (decimal 1024)
   defining Unicode char U+0401 (decimal 1025)
   defining Unicode char U+0402 (decimal 1026)
   defining Unicode char U+0403 (decimal 1027)
   defining Unicode char U+0404 (decimal 1028)
   defining Unicode char U+0405 (decimal 1029)
   defining Unicode char U+0406 (decimal 1030)
   defining Unicode char U+0407 (decimal 1031)
   defining Unicode char U+0408 (decimal 1032)
   defining Unicode char U+0409 (decimal 1033)
   defining Unicode char U+040A (decimal 1034)
   defining Unicode char U+040B (decimal 1035)
   defining Unicode char U+040C (decimal 1036)
   defining Unicode char U+040D (decimal 1037)
   defining Unicode char U+040E (decimal 1038)
   defining Unicode char U+040F (decimal 1039)
   defining Unicode char U+0410 (decimal 1040)
   defining Unicode char U+0411 (decimal 1041)
   defining Unicode char U+0412 (decimal 1042)
   defining Unicode char U+0413 (decimal 1043)
   defining Unicode char U+0414 (decimal 1044)
   defining Unicode char U+0415 (decimal 1045)
   defining Unicode char U+0416 (decimal 1046)
   defining Unicode char U+0417 (decimal 1047)
   defining Unicode char U+0418 (decimal 1048)
   defining Unicode char U+0419 (decimal 1049)
   defining Unicode char U+041A (decimal 1050)
   defining Unicode char U+041B (decimal 1051)
   defining Unicode char U+041C (decimal 1052)
   defining Unicode char U+041D (decimal 1053)
   defining Unicode char U+041E (decimal 1054)
   defining Unicode char U+041F (decimal 1055)
   defining Unicode char U+0420 (decimal 1056)
   defining Unicode char U+0421 (decimal 1057)
   defining Unicode char U+0422 (decimal 1058)
   defining Unicode char U+0423 (decimal 1059)
   defining Unicode char U+0424 (decimal 1060)
   defining Unicode char U+0425 (decimal 1061)
   defining Unicode char U+0426 (decimal 1062)
   defining Unicode char U+0427 (decimal 1063)
   defining Unicode char U+0428 (decimal 1064)
   defining Unicode char U+0429 (decimal 1065)
   defining Unicode char U+042A (decimal 1066)
   defining Unicode char U+042B (decimal 1067)
   defining Unicode char U+042C (decimal 1068)
   defining Unicode char U+042D (decimal 1069)
   defining Unicode char U+042E (decimal 1070)
   defining Unicode char U+042F (decimal 1071)
   defining Unicode char U+0430 (decimal 1072)
   defining Unicode char U+0431 (decimal 1073)
   defining Unicode char U+0432 (decimal 1074)
   defining Unicode char U+0433 (decimal 1075)
   defining Unicode char U+0434 (decimal 1076)
   defining Unicode char U+0435 (decimal 1077)
   defining Unicode char U+0436 (decimal 1078)
   defining Unicode char U+0437 (decimal 1079)
   defining Unicode char U+0438 (decimal 1080)
   defining Unicode char U+0439 (decimal 1081)
   defining Unicode char U+043A (decimal 1082)
   defining Unicode char U+043B (decimal 1083)
   defining Unicode char U+043C (decimal 1084)
   defining Unicode char U+043D (decimal 1085)
   defining Unicode char U+043E (decimal 1086)
   defining Unicode char U+043F (decimal 1087)
   defining Unicode char U+0440 (decimal 1088)
   defining Unicode char U+0441 (decimal 1089)
   defining Unicode char U+0442 (decimal 1090)
   defining Unicode char U+0443 (decimal 1091)
   defining Unicode char U+0444 (decimal 1092)
   defining Unicode char U+0445 (decimal 1093)
   defining Unicode char U+0446 (decimal 1094)
   defining Unicode char U+0447 (decimal 1095)
   defining Unicode char U+0448 (decimal 1096)
   defining Unicode char U+0449 (decimal 1097)
   defining Unicode char U+044A (decimal 1098)
   defining Unicode char U+044B (decimal 1099)
   defining Unicode char U+044C (decimal 1100)
   defining Unicode char U+044D (decimal 1101)
   defining Unicode char U+044E (decimal 1102)
   defining Unicode char U+044F (decimal 1103)
   defining Unicode char U+0450 (decimal 1104)
   defining Unicode char U+0451 (decimal 1105)
   defining Unicode char U+0452 (decimal 1106)
   defining Unicode char U+0453 (decimal 1107)
   defining Unicode char U+0454 (decimal 1108)
   defining Unicode char U+0455 (decimal 1109)
   defining Unicode char U+0456 (decimal 1110)
   defining Unicode char U+0457 (decimal 1111)
   defining Unicode char U+0458 (decimal 1112)
   defining Unicode char U+0459 (decimal 1113)
   defining Unicode char U+045A (decimal 1114)
   defining Unicode char U+045B (decimal 1115)
   defining Unicode char U+045C (decimal 1116)
   defining Unicode char U+045D (decimal 1117)
   defining Unicode char U+045E (decimal 1118)
   defining Unicode char U+045F (decimal 1119)
   defining Unicode char U+0490 (decimal 1168)
   defining Unicode char U+0491 (decimal 1169)
   defining Unicode char U+0492 (decimal 1170)
   defining Unicode char U+0493 (decimal 1171)
   defining Unicode char U+0496 (decimal 1174)
   defining Unicode char U+0497 (decimal 1175)
   defining Unicode char U+0498 (decimal 1176)
   defining Unicode char U+0499 (decimal 1177)
   defining Unicode char U+049A (decimal 1178)
   defining Unicode char U+049B (decimal 1179)
   defining Unicode char U+049C (decimal 1180)
   defining Unicode char U+049D (decimal 1181)
   defining Unicode char U+04A0 (decimal 1184)
   defining Unicode char U+04A1 (decimal 1185)
   defining Unicode char U+04A2 (decimal 1186)
   defining Unicode char U+04A3 (decimal 1187)
   defining Unicode char U+04A4 (decimal 1188)
   defining Unicode char U+04A5 (decimal 1189)
   defining Unicode char U+04AA (decimal 1194)
   defining Unicode char U+04AB (decimal 1195)
   defining Unicode char U+04AE (decimal 1198)
   defining Unicode char U+04AF (decimal 1199)
   defining Unicode char U+04B0 (decimal 1200)
   defining Unicode char U+04B1 (decimal 1201)
   defining Unicode char U+04B2 (decimal 1202)
   defining Unicode char U+04B3 (decimal 1203)
   defining Unicode char U+04B6 (decimal 1206)
   defining Unicode char U+04B7 (decimal 1207)
   defining Unicode char U+04B8 (decimal 1208)
   defining Unicode char U+04B9 (decimal 1209)
   defining Unicode char U+04BA (decimal 1210)
   defining Unicode char U+04BB (decimal 1211)
   defining Unicode char U+04C0 (decimal 1216)
   defining Unicode char U+04C1 (decimal 1217)
   defining Unicode char U+04C2 (decimal 1218)
   defining Unicode char U+04D0 (decimal 1232)
   defining Unicode char U+04D1 (decimal 1233)
   defining Unicode char U+04D2 (decimal 1234)
   defining Unicode char U+04D3 (decimal 1235)
   defining Unicode char U+04D4 (decimal 1236)
   defining Unicode char U+04D5 (decimal 1237)
   defining Unicode char U+04D6 (decimal 1238)
   defining Unicode char U+04D7 (decimal 1239)
   defining Unicode char U+04D8 (decimal 1240)
   defining Unicode char U+04D9 (decimal 1241)
   defining Unicode char U+04DA (decimal 1242)
   defining Unicode char U+04DB (decimal 1243)
   defining Unicode char U+04DC (decimal 1244)
   defining Unicode char U+04DD (decimal 1245)
   defining Unicode char U+04DE (decimal 1246)
   defining Unicode char U+04DF (decimal 1247)
   defining Unicode char U+04E2 (decimal 1250)
   defining Unicode char U+04E3 (decimal 1251)
   defining Unicode char U+04E4 (decimal 1252)
   defining Unicode char U+04E5 (decimal 1253)
   defining Unicode char U+04E6 (decimal 1254)
   defining Unicode char U+04E7 (decimal 1255)
   defining Unicode char U+04E8 (decimal 1256)
   defining Unicode char U+04E9 (decimal 1257)
   defining Unicode char U+04EC (decimal 1260)
   defining Unicode char U+04ED (decimal 1261)
   defining Unicode char U+04EE (decimal 1262)
   defining Unicode char U+04EF (decimal 1263)
   defining Unicode char U+04F0 (decimal 1264)
   defining Unicode char U+04F1 (decimal 1265)
   defining Unicode char U+04F2 (decimal 1266)
   defining Unicode char U+04F3 (decimal 1267)
   defining Unicode char U+04F4 (decimal 1268)
   defining Unicode char U+04F5 (decimal 1269)
   defining Unicode char U+04F8 (decimal 1272)
   defining Unicode char U+04F9 (decimal 1273)
   defining Unicode char U+200C (decimal 8204)
   defining Unicode char U+2013 (decimal 8211)
   defining Unicode char U+2014 (decimal 8212)
   defining Unicode char U+2018 (decimal 8216)
   defining Unicode char U+2019 (decimal 8217)
   defining Unicode char U+201C (decimal 8220)
   defining Unicode char U+201D (decimal 8221)
   defining Unicode char U+201E (decimal 8222)
   defining Unicode char U+2030 (decimal 8240)
   defining Unicode char U+2031 (decimal 8241)
   defining Unicode char U+2116 (decimal 8470)
   defining Unicode char U+2329 (decimal 9001)
   defining Unicode char U+3008 (decimal 12296)
   defining Unicode char U+232A (decimal 9002)
   defining Unicode char U+3009 (decimal 12297)
   defining Unicode char U+2423 (decimal 9251)
   defining Unicode char U+27E8 (decimal 10216)
   defining Unicode char U+27E9 (decimal 10217)
   defining Unicode char U+FB00 (decimal 64256)
   defining Unicode char U+FB01 (decimal 64257)
   defining Unicode char U+FB02 (decimal 64258)
   defining Unicode char U+FB03 (decimal 64259)
   defining Unicode char U+FB04 (decimal 64260)
   defining Unicode char U+FB05 (decimal 64261)
   defining Unicode char U+FB06 (decimal 64262)
))
LaTeX Font Info:    Trying to load font information for T2A+cmr on input line 1
12.

(/usr/local/texlive/2024/texmf-dist/tex/latex/cyrillic/t2acmr.fd
File: t2acmr.fd 2001/08/11 v1.0a Computer Modern Cyrillic font definitions
))
(/usr/local/texlive/2024/texmf-dist/tex/latex/base/inputenc.sty
Package: inputenc 2021/02/14 v1.3d Input encoding file
\inpenc@prehook=\toks17
\inpenc@posthook=\toks18
)
(/usr/local/texlive/2024/texmf-dist/tex/generic/babel/babel.sty
Package: babel 2024/02/07 v24.2 The Babel package
\babel@savecnt=\count196
\U@D=\dimen141
\l@unhyphenated=\language89

(/usr/local/texlive/2024/texmf-dist/tex/generic/babel/txtbabel.def)
\bbl@readstream=\read2
\bbl@dirlevel=\count197

(/usr/local/texlive/2024/texmf-dist/tex/generic/babel-russian/russianb.ldf
File: russianb.ldf 2021/01/10 1.3m Russian support for the Babel system
Language: russian 2020/09/09 1.3k Russian support for the Babel system
Package babel Info: Making " an active character on input line 124.
Package babel Info: Default for \cyrdash is provided on input line 163.
)
(/usr/local/texlive/2024/texmf-dist/tex/generic/babel-english/english.ldf
Language: english 2017/06/06 v3.3r English support from the babel system
Package babel Info: Hyphen rules for 'canadian' set to \l@english
(babel)             (\language0). Reported on input line 102.
Package babel Info: Hyphen rules for 'australian' set to \l@ukenglish
(babel)             (\language23). Reported on input line 105.
Package babel Info: Hyphen rules for 'newzealand' set to \l@ukenglish
(babel)             (\language23). Reported on input line 108.
))
(/usr/local/texlive/2024/texmf-dist/tex/generic/babel/locale/en/babel-english.t
ex
Package babel Info: Importing font and identification data for english
(babel)             from babel-en.ini. Reported on input line 11.
)
(/usr/local/texlive/2024/texmf-dist/tex/generic/babel/locale/ru/babel-russian.t
ex
Package babel Info: Importing font and identification data for russian
(babel)             from babel-ru.ini. Reported on input line 11.
) (/usr/local/texlive/2024/texmf-dist/tex/latex/geometry/geometry.sty
Package: geometry 2020/01/02 v5.9 Page Geometry

(/usr/local/texlive/2024/texmf-dist/tex/latex/graphics/keyval.sty
Package: keyval 2022/05/29 v1.15 key=value parser (DPC)
\KV@toks@=\toks19
)
(/usr/local/texlive/2024/texmf-dist/tex/generic/iftex/ifvtex.sty
Package: ifvtex 2019/10/25 v1.7 ifvtex legacy package. Use iftex instead.

(/usr/local/texlive/2024/texmf-dist/tex/generic/iftex/iftex.sty
Package: iftex 2022/02/03 v1.0f TeX engine tests
))
\Gm@cnth=\count198
\Gm@cntv=\count199
\c@Gm@tempcnt=\count266
\Gm@bindingoffset=\dimen142
\Gm@wd@mp=\dimen143
\Gm@odd@mp=\dimen144
\Gm@even@mp=\dimen145
\Gm@layoutwidth=\dimen146
\Gm@layoutheight=\dimen147
\Gm@layouthoffset=\dimen148
\Gm@layoutvoffset=\dimen149
\Gm@dimlist=\toks20
)
(/usr/local/texlive/2024/texmf-dist/tex/latex/graphics/graphicx.sty
Package: graphicx 2021/09/16 v1.2d Enhanced LaTeX Graphics (DPC,SPQR)

(/usr/local/texlive/2024/texmf-dist/tex/latex/graphics/graphics.sty
Package: graphics 2022/03/10 v1.4e Standard LaTeX Graphics (DPC,SPQR)

(/usr/local/texlive/2024/texmf-dist/tex/latex/graphics/trig.sty
Package: trig 2021/08/11 v1.11 sin cos tan (DPC)
)
(/usr/local/texlive/2024/texmf-dist/tex/latex/graphics-cfg/graphics.cfg
File: graphics.cfg 2016/06/04 v1.11 sample graphics configuration
)
Package graphics Info: Driver file: pdftex.def on input line 107.

(/usr/local/texlive/2024/texmf-dist/tex/latex/graphics-def/pdftex.def
File: pdftex.def 2022/09/22 v1.2b Graphics/color driver for pdftex
))
\Gin@req@height=\dimen150
\Gin@req@width=\dimen151
)
(/usr/local/texlive/2024/texmf-dist/tex/latex/fancyhdr/fancyhdr.sty
Package: fancyhdr 2022/11/09 v4.1 Extensive control of page headers and footers

\f@nch@headwidth=\skip50
\f@nch@O@elh=\skip51
\f@nch@O@erh=\skip52
\f@nch@O@olh=\skip53
\f@nch@O@orh=\skip54
\f@nch@O@elf=\skip55
\f@nch@O@erf=\skip56
\f@nch@O@olf=\skip57
\f@nch@O@orf=\skip58
)
(/usr/local/texlive/2024/texmf-dist/tex/latex/eso-pic/eso-pic.sty
Package: eso-pic 2023/05/03 v3.0c eso-pic (RN)
\ESO@tempdima=\dimen152
\ESO@tempdimb=\dimen153

(/usr/local/texlive/2024/texmf-dist/tex/latex/xcolor/xcolor.sty
Package: xcolor 2023/11/15 v3.01 LaTeX color extensions (UK)

(/usr/local/texlive/2024/texmf-dist/tex/latex/graphics-cfg/color.cfg
File: color.cfg 2016/01/02 v1.6 sample color configuration
)
Package xcolor Info: Driver file: pdftex.def on input line 274.

(/usr/local/texlive/2024/texmf-dist/tex/latex/graphics/mathcolor.ltx)
Package xcolor Info: Model `cmy' substituted by `cmy0' on input line 1350.
Package xcolor Info: Model `hsb' substituted by `rgb' on input line 1354.
Package xcolor Info: Model `RGB' extended on input line 1366.
Package xcolor Info: Model `HTML' substituted by `rgb' on input line 1368.
Package xcolor Info: Model `Hsb' substituted by `hsb' on input line 1369.
Package xcolor Info: Model `tHsb' substituted by `hsb' on input line 1370.
Package xcolor Info: Model `HSB' substituted by `hsb' on input line 1371.
Package xcolor Info: Model `Gray' substituted by `gray' on input line 1372.
Package xcolor Info: Model `wave' substituted by `hsb' on input line 1373.
))
(/usr/local/texlive/2024/texmf-dist/tex/latex/amsmath/amsmath.sty
Package: amsmath 2023/05/13 v2.17o AMS math features
\@mathmargin=\skip59

For additional information on amsmath, use the `?' option.
(/usr/local/texlive/2024/texmf-dist/tex/latex/amsmath/amstext.sty
Package: amstext 2021/08/26 v2.01 AMS text

(/usr/local/texlive/2024/texmf-dist/tex/latex/amsmath/amsgen.sty
File: amsgen.sty 1999/11/30 v2.0 generic functions
\@emptytoks=\toks21
\ex@=\dimen154
))
(/usr/local/texlive/2024/texmf-dist/tex/latex/amsmath/amsbsy.sty
Package: amsbsy 1999/11/29 v1.2d Bold Symbols
\pmbraise@=\dimen155
)
(/usr/local/texlive/2024/texmf-dist/tex/latex/amsmath/amsopn.sty
Package: amsopn 2022/04/08 v2.04 operator names
)
\inf@bad=\count267
LaTeX Info: Redefining \frac on input line 234.
\uproot@=\count268
\leftroot@=\count269
LaTeX Info: Redefining \overline on input line 399.
LaTeX Info: Redefining \colon on input line 410.
\classnum@=\count270
\DOTSCASE@=\count271
LaTeX Info: Redefining \ldots on input line 496.
LaTeX Info: Redefining \dots on input line 499.
LaTeX Info: Redefining \cdots on input line 620.
\Mathstrutbox@=\box51
\strutbox@=\box52
LaTeX Info: Redefining \big on input line 722.
LaTeX Info: Redefining \Big on input line 723.
LaTeX Info: Redefining \bigg on input line 724.
LaTeX Info: Redefining \Bigg on input line 725.
\big@size=\dimen156
LaTeX Font Info:    Redeclaring font encoding OML on input line 743.
LaTeX Font Info:    Redeclaring font encoding OMS on input line 744.
\macc@depth=\count272
LaTeX Info: Redefining \bmod on input line 905.
LaTeX Info: Redefining \pmod on input line 910.
LaTeX Info: Redefining \smash on input line 940.
LaTeX Info: Redefining \relbar on input line 970.
LaTeX Info: Redefining \Relbar on input line 971.
\c@MaxMatrixCols=\count273
\dotsspace@=\muskip16
\c@parentequation=\count274
\dspbrk@lvl=\count275
\tag@help=\toks22
\row@=\count276
\column@=\count277
\maxfields@=\count278
\andhelp@=\toks23
\eqnshift@=\dimen157
\alignsep@=\dimen158
\tagshift@=\dimen159
\tagwidth@=\dimen160
\totwidth@=\dimen161
\lineht@=\dimen162
\@envbody=\toks24
\multlinegap=\skip60
\multlinetaggap=\skip61
\mathdisplay@stack=\toks25
LaTeX Info: Redefining \[ on input line 2953.
LaTeX Info: Redefining \] on input line 2954.
)
(/usr/local/texlive/2024/texmf-dist/tex/latex/pdfpages/pdfpages.sty
Package: pdfpages 2024/01/21 v0.5y Insert pages of external PDF documents (AM)

(/usr/local/texlive/2024/texmf-dist/tex/latex/base/ifthen.sty
Package: ifthen 2022/04/13 v1.1d Standard LaTeX ifthen package (DPC)
)
(/usr/local/texlive/2024/texmf-dist/tex/latex/tools/calc.sty
Package: calc 2023/07/08 v4.3 Infix arithmetic (KKT,FJ)
\calc@Acount=\count279
\calc@Bcount=\count280
\calc@Adimen=\dimen163
\calc@Bdimen=\dimen164
\calc@Askip=\skip62
\calc@Bskip=\skip63
LaTeX Info: Redefining \setlength on input line 80.
LaTeX Info: Redefining \addtolength on input line 81.
\calc@Ccount=\count281
\calc@Cskip=\skip64
)
\AM@pagewidth=\dimen165
\AM@pageheight=\dimen166
\AM@fboxrule=\dimen167

(/usr/local/texlive/2024/texmf-dist/tex/latex/pdfpages/pppdftex.def
File: pppdftex.def 2024/01/21 v0.5y Pdfpages driver for pdfTeX (AM)
)
\pdfpages@includegraphics@status=\count282
\AM@pagebox=\box53
\AM@global@opts=\toks26
\AM@pagecnt=\count283
\AM@toc@title=\toks27
\AM@lof@heading=\toks28
\c@AM@survey=\count284
\AM@templatesizebox=\box54
)
(/usr/local/texlive/2024/texmf-dist/tex/latex/apacite/apacite.sty
Package: apacite 2013/07/21 v6.03 APA citation
\c@BibCnt=\count285
\bibleftmargin=\skip65
\bibindent=\skip66
\bibparsep=\skip67
\bibitemsep=\skip68
\biblabelsep=\skip69
)
(/usr/local/texlive/2024/texmf-dist/tex/latex/natbib/natbib.sty
Package: natbib 2010/09/13 8.31b (PWD, AO)
\bibhang=\skip70
\bibsep=\skip71
LaTeX Info: Redefining \cite on input line 694.
\c@NAT@ctr=\count286
)
LaTeX Info: Redefining \BBA on input line 153.

(/usr/local/texlive/2024/texmf-dist/tex/latex/wrapfig/wrapfig.sty
\wrapoverhang=\dimen168
\WF@size=\dimen169
\c@WF@wrappedlines=\count287
\WF@box=\box55
\WF@everypar=\toks29
Package: wrapfig 2003/01/31  v 3.6
)
(/usr/local/texlive/2024/texmf-dist/tex/latex/parskip/parskip.sty
Package: parskip 2021-03-14 v2.0h non-zero parskip adjustments

(/usr/local/texlive/2024/texmf-dist/tex/latex/kvoptions/kvoptions.sty
Package: kvoptions 2022-06-15 v3.15 Key value format for package options (HO)

(/usr/local/texlive/2024/texmf-dist/tex/generic/ltxcmds/ltxcmds.sty
Package: ltxcmds 2023-12-04 v1.26 LaTeX kernel commands for general use (HO)
)
(/usr/local/texlive/2024/texmf-dist/tex/latex/kvsetkeys/kvsetkeys.sty
Package: kvsetkeys 2022-10-05 v1.19 Key value parser (HO)
))
(/usr/local/texlive/2024/texmf-dist/tex/latex/etoolbox/etoolbox.sty
Package: etoolbox 2020/10/05 v2.5k e-TeX tools for LaTeX (JAW)
\etb@tempcnta=\count288
))
(/usr/local/texlive/2024/texmf-dist/tex/latex/fvextra/fvextra.sty
Package: fvextra 2023/11/28 v1.6.1 fvextra - extensions and patches for fancyvr
b

(/usr/local/texlive/2024/texmf-dist/tex/latex/fancyvrb/fancyvrb.sty
Package: fancyvrb 2024/01/20 4.5c verbatim text (tvz,hv)
\FV@CodeLineNo=\count289
\FV@InFile=\read3
\FV@TabBox=\box56
\c@FancyVerbLine=\count290
\FV@StepNumber=\count291
\FV@OutFile=\write3
)
(/usr/local/texlive/2024/texmf-dist/tex/latex/upquote/upquote.sty
Package: upquote 2012/04/19 v1.3 upright-quote and grave-accent glyphs in verba
tim

(/usr/local/texlive/2024/texmf-dist/tex/latex/base/textcomp.sty
Package: textcomp 2020/02/02 v2.0n Standard LaTeX package
))
(/usr/local/texlive/2024/texmf-dist/tex/latex/lineno/lineno.sty
Package: lineno 2023/05/20 line numbers on paragraphs v5.3
\linenopenalty=\count292
\output=\toks30
\linenoprevgraf=\count293
\linenumbersep=\dimen170
\linenumberwidth=\dimen171
\c@linenumber=\count294
\c@pagewiselinenumber=\count295
\c@LN@truepage=\count296
\c@internallinenumber=\count297
\c@internallinenumbers=\count298
\quotelinenumbersep=\dimen172
\bframerule=\dimen173
\bframesep=\dimen174
\bframebox=\box57
\linenoamsmath@ams@eqpen=\count299
LaTeX Info: Redefining \\ on input line 3180.
)
\c@FancyVerbWriteLine=\count300
\c@FancyVerbBufferIndex=\count301
\c@FancyVerbBufferLength=\count302
\c@FancyVerbBufferLine=\count303
\c@FV@oldbufferlength=\count304
\c@FV@TrueTabGroupLevel=\count305
\c@FV@TrueTabCounter=\count306
\FV@TabBox@Group=\box58
\FV@TmpLength=\skip72
\c@FV@HighlightLinesStart=\count307
\c@FV@HighlightLinesStop=\count308
\FV@LoopCount=\count309
\FV@NCharsBox=\box59
\FV@BreakIndent=\dimen175
\FV@BreakIndentNChars=\count310
\FV@BreakSymbolSepLeft=\dimen176
\FV@BreakSymbolSepLeftNChars=\count311
\FV@BreakSymbolSepRight=\dimen177
\FV@BreakSymbolSepRightNChars=\count312
\FV@BreakSymbolIndentLeft=\dimen178
\FV@BreakSymbolIndentLeftNChars=\count313
\FV@BreakSymbolIndentRight=\dimen179
\FV@BreakSymbolIndentRightNChars=\count314
\c@FancyVerbLineBreakLast=\count315
\FV@LineBox=\box60
\FV@LineIndentBox=\box61
\c@FV@BreakBufferDepth=\count316
\FV@LineWidth=\dimen180
)
(/usr/local/texlive/2024/texmf-dist/tex/latex/hyperref/hyperref.sty
Package: hyperref 2024-01-20 v7.01h Hypertext links for LaTeX

(/usr/local/texlive/2024/texmf-dist/tex/generic/kvdefinekeys/kvdefinekeys.sty
Package: kvdefinekeys 2019-12-19 v1.6 Define keys (HO)
)
(/usr/local/texlive/2024/texmf-dist/tex/generic/pdfescape/pdfescape.sty
Package: pdfescape 2019/12/09 v1.15 Implements pdfTeX's escape features (HO)

(/usr/local/texlive/2024/texmf-dist/tex/generic/pdftexcmds/pdftexcmds.sty
Package: pdftexcmds 2020-06-27 v0.33 Utility functions of pdfTeX for LuaTeX (HO
)

(/usr/local/texlive/2024/texmf-dist/tex/generic/infwarerr/infwarerr.sty
Package: infwarerr 2019/12/03 v1.5 Providing info/warning/error messages (HO)
)
Package pdftexcmds Info: \pdf@primitive is available.
Package pdftexcmds Info: \pdf@ifprimitive is available.
Package pdftexcmds Info: \pdfdraftmode found.
))
(/usr/local/texlive/2024/texmf-dist/tex/latex/hycolor/hycolor.sty
Package: hycolor 2020-01-27 v1.10 Color options for hyperref/bookmark (HO)
)
(/usr/local/texlive/2024/texmf-dist/tex/latex/auxhook/auxhook.sty
Package: auxhook 2019-12-17 v1.6 Hooks for auxiliary files (HO)
)
(/usr/local/texlive/2024/texmf-dist/tex/latex/hyperref/nameref.sty
Package: nameref 2023-11-26 v2.56 Cross-referencing by name of section

(/usr/local/texlive/2024/texmf-dist/tex/latex/refcount/refcount.sty
Package: refcount 2019/12/15 v3.6 Data extraction from label references (HO)
)
(/usr/local/texlive/2024/texmf-dist/tex/generic/gettitlestring/gettitlestring.s
ty
Package: gettitlestring 2019/12/15 v1.6 Cleanup title references (HO)
)
\c@section@level=\count317
)
\@linkdim=\dimen181
\Hy@linkcounter=\count318
\Hy@pagecounter=\count319
 (/usr/local/texlive/2024/texmf-dist/tex/latex/hyperref/pd1enc.def
File: pd1enc.def 2024-01-20 v7.01h Hyperref: PDFDocEncoding definition (HO)
Now handling font encoding PD1 ...
... no UTF-8 mapping file for font encoding PD1
)
(/usr/local/texlive/2024/texmf-dist/tex/generic/intcalc/intcalc.sty
Package: intcalc 2019/12/15 v1.3 Expandable calculations with integers (HO)
)
\Hy@SavedSpaceFactor=\count320

(/usr/local/texlive/2024/texmf-dist/tex/latex/hyperref/puenc.def
File: puenc.def 2024-01-20 v7.01h Hyperref: PDF Unicode definition (HO)
Now handling font encoding PU ...
... no UTF-8 mapping file for font encoding PU
)
Package hyperref Info: Option `unicode' set `true' on input line 3165.
Package hyperref Info: Hyper figures OFF on input line 4179.
Package hyperref Info: Link nesting OFF on input line 4184.
Package hyperref Info: Hyper index ON on input line 4187.
Package hyperref Info: Plain pages OFF on input line 4194.
Package hyperref Info: Backreferencing OFF on input line 4199.
Package hyperref Info: Implicit mode ON; LaTeX internals redefined.
Package hyperref Info: Bookmarks ON on input line 4446.
\c@Hy@tempcnt=\count321

(/usr/local/texlive/2024/texmf-dist/tex/latex/url/url.sty
\Urlmuskip=\muskip17
Package: url 2013/09/16  ver 3.4  Verb mode for urls, etc.
)
LaTeX Info: Redefining \url on input line 4784.
\XeTeXLinkMargin=\dimen182

(/usr/local/texlive/2024/texmf-dist/tex/generic/bitset/bitset.sty
Package: bitset 2019/12/09 v1.3 Handle bit-vector datatype (HO)

(/usr/local/texlive/2024/texmf-dist/tex/generic/bigintcalc/bigintcalc.sty
Package: bigintcalc 2019/12/15 v1.5 Expandable calculations on big integers (HO
)
))
\Fld@menulength=\count322
\Field@Width=\dimen183
\Fld@charsize=\dimen184
Package hyperref Info: Hyper figures OFF on input line 6063.
Package hyperref Info: Link nesting OFF on input line 6068.
Package hyperref Info: Hyper index ON on input line 6071.
Package hyperref Info: backreferencing OFF on input line 6078.
Package hyperref Info: Link coloring OFF on input line 6083.
Package hyperref Info: Link coloring with OCG OFF on input line 6088.
Package hyperref Info: PDF/A mode OFF on input line 6093.

(/usr/local/texlive/2024/texmf-dist/tex/latex/base/atbegshi-ltx.sty
Package: atbegshi-ltx 2021/01/10 v1.0c Emulation of the original atbegshi
package with kernel methods
)
\Hy@abspage=\count323
\c@Item=\count324
\c@Hfootnote=\count325
)
Package hyperref Info: Driver (autodetected): hpdftex.

(/usr/local/texlive/2024/texmf-dist/tex/latex/hyperref/hpdftex.def
File: hpdftex.def 2024-01-20 v7.01h Hyperref driver for pdfTeX

(/usr/local/texlive/2024/texmf-dist/tex/latex/base/atveryend-ltx.sty
Package: atveryend-ltx 2020/08/19 v1.0a Emulation of the original atveryend pac
kage
with kernel methods
)
\Fld@listcount=\count326
\c@bookmark@seq@number=\count327

(/usr/local/texlive/2024/texmf-dist/tex/latex/rerunfilecheck/rerunfilecheck.sty
Package: rerunfilecheck 2022-07-10 v1.10 Rerun checks for auxiliary files (HO)

(/usr/local/texlive/2024/texmf-dist/tex/generic/uniquecounter/uniquecounter.sty
Package: uniquecounter 2019/12/15 v1.4 Provide unlimited unique counter (HO)
)
Package uniquecounter Info: New unique counter `rerunfilecheck' on input line 2
85.
)
\Hy@SectionHShift=\skip73
)
(/usr/local/texlive/2024/texmf-dist/tex/latex/l3backend/l3backend-pdftex.def
File: l3backend-pdftex.def 2024-02-20 L3 backend support: PDF output (pdfTeX)
\l__color_backend_stack_int=\count328
\l__pdf_internal_box=\box62
)
(./full_thesis.aux)
\openout1 = `full_thesis.aux'.

LaTeX Font Info:    Checking defaults for OML/cmm/m/it on input line 228.
LaTeX Font Info:    ... okay on input line 228.
LaTeX Font Info:    Checking defaults for OMS/cmsy/m/n on input line 228.
LaTeX Font Info:    ... okay on input line 228.
LaTeX Font Info:    Checking defaults for OT1/cmr/m/n on input line 228.
LaTeX Font Info:    ... okay on input line 228.
LaTeX Font Info:    Checking defaults for T1/cmr/m/n on input line 228.
LaTeX Font Info:    ... okay on input line 228.
LaTeX Font Info:    Checking defaults for TS1/cmr/m/n on input line 228.
LaTeX Font Info:    ... okay on input line 228.
LaTeX Font Info:    Checking defaults for OMX/cmex/m/n on input line 228.
LaTeX Font Info:    ... okay on input line 228.
LaTeX Font Info:    Checking defaults for U/cmr/m/n on input line 228.
LaTeX Font Info:    ... okay on input line 228.
LaTeX Font Info:    Checking defaults for T2A/cmr/m/n on input line 228.
LaTeX Font Info:    ... okay on input line 228.
LaTeX Font Info:    Checking defaults for PD1/pdf/m/n on input line 228.
LaTeX Font Info:    ... okay on input line 228.
LaTeX Font Info:    Checking defaults for PU/pdf/m/n on input line 228.
LaTeX Font Info:    ... okay on input line 228.
LaTeX Info: Redefining \th on input line 228.

*geometry* driver: auto-detecting
*geometry* detected driver: pdftex
*geometry* verbose mode - [ preamble ] result:
* driver: pdftex
* paper: a4paper
* layout: <same size as paper>
* layoutoffset:(h,v)=(0.0pt,0.0pt)
* modes: twoside 
* h-part:(L,W,R)=(72.26999pt, 452.9679pt, 72.26999pt)
* v-part:(T,H,B)=(72.26999pt, 700.50687pt, 72.26999pt)
* \paperwidth=597.50787pt
* \paperheight=845.04684pt
* \textwidth=452.9679pt
* \textheight=700.50687pt
* \oddsidemargin=0.0pt
* \evensidemargin=0.0pt
* \topmargin=-37.0pt
* \headheight=12.0pt
* \headsep=25.0pt
* \topskip=12.0pt
* \footskip=30.0pt
* \marginparwidth=85.0pt
* \marginparsep=10.0pt
* \columnsep=10.0pt
* \skip\footins=10.8pt plus 4.0pt minus 2.0pt
* \hoffset=0.0pt
* \voffset=0.0pt
* \mag=1000
* \@twocolumnfalse
* \@twosidetrue
* \@mparswitchtrue
* \@reversemarginfalse
* (1in=72.27pt=25.4mm, 1cm=28.453pt)

(/usr/local/texlive/2024/texmf-dist/tex/context/base/mkii/supp-pdf.mkii
[Loading MPS to PDF converter (version 2006.09.02).]
\scratchcounter=\count329
\scratchdimen=\dimen185
\scratchbox=\box63
\nofMPsegments=\count330
\nofMParguments=\count331
\everyMPshowfont=\toks31
\MPscratchCnt=\count332
\MPscratchDim=\dimen186
\MPnumerator=\count333
\makeMPintoPDFobject=\count334
\everyMPtoPDFconversion=\toks32
) (/usr/local/texlive/2024/texmf-dist/tex/latex/epstopdf-pkg/epstopdf-base.sty
Package: epstopdf-base 2020-01-24 v2.11 Base part for package epstopdf
Package epstopdf-base Info: Redefining graphics rule for `.eps' on input line 4
85.

(/usr/local/texlive/2024/texmf-dist/tex/latex/latexconfig/epstopdf-sys.cfg
File: epstopdf-sys.cfg 2010/07/13 v1.3 Configuration of (r)epstopdf for TeX Liv
e
))
(/usr/local/texlive/2024/texmf-dist/tex/latex/pdflscape/pdflscape.sty
Package: pdflscape 2022-10-27 v0.13 Display of landscape pages in PDF

(/usr/local/texlive/2024/texmf-dist/tex/latex/pdflscape/pdflscape-nometadata.st
y
Package: pdflscape-nometadata 2022-10-28 v0.13 Display of landscape pages in PD
F (HO)
 (/usr/local/texlive/2024/texmf-dist/tex/latex/graphics/lscape.sty
Package: lscape 2020/05/28 v3.02 Landscape Pages (DPC)
)
Package pdflscape Info: Auto-detected driver: pdftex on input line 81.
))
\c@maskedRefs=\count335

(/usr/local/texlive/2024/texmf-dist/tex/latex/apacite/english.apc
File: english.apc 2013/07/21 v6.03 apacite language file
LaTeX Info: Redefining \BPBI on input line 129.
LaTeX Info: Redefining \BHBI on input line 130.
)
Package hyperref Info: Link coloring OFF on input line 228.

(./full_thesis.out) (./full_thesis.out)
\@outlinefile=\write4
\openout4 = `full_thesis.out'.

<background.pdf, id=164, 597.50786pt x 845.04686pt>
File: background.pdf Graphic file (type pdf)
<use background.pdf>
Package pdftex.def Info: background.pdf  used on input line 271.
(pdftex.def)             Requested size: 597.5064pt x 845.0448pt.
File: background.pdf Graphic file (type pdf)
<use background.pdf>
Package pdftex.def Info: background.pdf  used on input line 271.
(pdftex.def)             Requested size: 597.5064pt x 845.0448pt.
 [1

{/usr/local/texlive/2024/texmf-var/fonts/map/pdftex/updmap/pdftex.map}{/usr/loc
al/texlive/2024/texmf-dist/fonts/enc/dvips/cm-super/cm-super-t2a.enc} <./backgr
ound.pdf>] (./full_thesis.toc)
\tf@toc=\write5
\openout5 = `full_thesis.toc'.

<logoDepartment.pdf, id=222, 324.2514pt x 72.9927pt>
File: logoDepartment.pdf Graphic file (type pdf)
<use logoDepartment.pdf>
Package pdftex.def Info: logoDepartment.pdf  used on input line 279.
(pdftex.def)             Requested size: 97.27617pt x 21.89796pt.

[2 <./logoDepartment.pdf>]
File: logoDepartment.pdf Graphic file (type pdf)
<use logoDepartment.pdf>
Package pdftex.def Info: logoDepartment.pdf  used on input line 300.
(pdftex.def)             Requested size: 97.27617pt x 21.89796pt.
 [3

]
Underfull \vbox (badness 4024) has occurred while \output is active []

File: logoDepartment.pdf Graphic file (type pdf)
<use logoDepartment.pdf>
Package pdftex.def Info: logoDepartment.pdf  used on input line 313.
(pdftex.def)             Requested size: 97.27617pt x 21.89796pt.
 [4

]
Underfull \vbox (badness 10000) has occurred while \output is active []

File: logoDepartment.pdf Graphic file (type pdf)
<use logoDepartment.pdf>
Package pdftex.def Info: logoDepartment.pdf  used on input line 321.
(pdftex.def)             Requested size: 97.27617pt x 21.89796pt.
 [5]
<./images_thesis/1.png, id=267, 1381.16pt x 189.70876pt>
File: ./images_thesis/1.png Graphic file (type png)
<use ./images_thesis/1.png>
Package pdftex.def Info: ./images_thesis/1.png  used on input line 337.
(pdftex.def)             Requested size: 362.37569pt x 49.77179pt.
LaTeX Font Info:    Trying to load font information for T2A+cmtt on input line 
342.

(/usr/local/texlive/2024/texmf-dist/tex/latex/cyrillic/t2acmtt.fd
File: t2acmtt.fd 2001/08/11 v1.0a Computer Modern Cyrillic font definitions
)
File: logoDepartment.pdf Graphic file (type pdf)
<use logoDepartment.pdf>
Package pdftex.def Info: logoDepartment.pdf  used on input line 343.
(pdftex.def)             Requested size: 97.27617pt x 21.89796pt.
 [6 <./images_thesis/1.png>]
<./images_thesis/2.png, id=283, 1296.845pt x 211.79124pt>
File: ./images_thesis/2.png Graphic file (type png)
<use ./images_thesis/2.png>
Package pdftex.def Info: ./images_thesis/2.png  used on input line 346.
(pdftex.def)             Requested size: 362.37569pt x 59.18156pt.
<./images_thesis/3.png, id=286, 1455.4375pt x 231.86626pt>
File: ./images_thesis/3.png Graphic file (type png)
<use ./images_thesis/3.png>
Package pdftex.def Info: ./images_thesis/3.png  used on input line 361.
(pdftex.def)             Requested size: 362.37569pt x 57.72937pt.
<./images_thesis/4.png, id=287, 1474.50874pt x 615.29875pt>
File: ./images_thesis/4.png Graphic file (type png)
<use ./images_thesis/4.png>
Package pdftex.def Info: ./images_thesis/4.png  used on input line 370.
(pdftex.def)             Requested size: 362.37569pt x 151.21425pt.
File: logoDepartment.pdf Graphic file (type pdf)
<use logoDepartment.pdf>
Package pdftex.def Info: logoDepartment.pdf  used on input line 376.
(pdftex.def)             Requested size: 97.27617pt x 21.89796pt.
 [7 <./images_thesis/2.png> <./images_thesis/3.png>]
<./images_thesis/5.png, id=301, 1184.425pt x 601.24625pt>
File: ./images_thesis/5.png Graphic file (type png)
<use ./images_thesis/5.png>
Package pdftex.def Info: ./images_thesis/5.png  used on input line 387.
(pdftex.def)             Requested size: 452.9679pt x 229.93465pt.
File: logoDepartment.pdf Graphic file (type pdf)
<use logoDepartment.pdf>
Package pdftex.def Info: logoDepartment.pdf  used on input line 402.
(pdftex.def)             Requested size: 97.27617pt x 21.89796pt.
 [8 <./images_thesis/4.png>]
File: logoDepartment.pdf Graphic file (type pdf)
<use logoDepartment.pdf>
Package pdftex.def Info: logoDepartment.pdf  used on input line 437.
(pdftex.def)             Requested size: 97.27617pt x 21.89796pt.
 [9 <./images_thesis/5.png>]
File: logoDepartment.pdf Graphic file (type pdf)
<use logoDepartment.pdf>
Package pdftex.def Info: logoDepartment.pdf  used on input line 469.
(pdftex.def)             Requested size: 97.27617pt x 21.89796pt.
 [10]
<./images_thesis/6.png, id=322, 1376.14125pt x 469.755pt>
File: ./images_thesis/6.png Graphic file (type png)
<use ./images_thesis/6.png>
Package pdftex.def Info: ./images_thesis/6.png  used on input line 472.
(pdftex.def)             Requested size: 362.37569pt x 123.69601pt.
<./images_thesis/7.png, id=327, 673.51625pt x 525.965pt>
File: ./images_thesis/7.png Graphic file (type png)
<use ./images_thesis/7.png>
Package pdftex.def Info: ./images_thesis/7.png  used on input line 486.
(pdftex.def)             Requested size: 226.48395pt x 176.8675pt.
File: logoDepartment.pdf Graphic file (type pdf)
<use logoDepartment.pdf>
Package pdftex.def Info: logoDepartment.pdf  used on input line 494.
(pdftex.def)             Requested size: 97.27617pt x 21.89796pt.
 [11 <./images_thesis/6.png>]
<./images_thesis/8.png, id=343, 968.61874pt x 331.2375pt>
File: ./images_thesis/8.png Graphic file (type png)
<use ./images_thesis/8.png>
Package pdftex.def Info: ./images_thesis/8.png  used on input line 507.
(pdftex.def)             Requested size: 362.37569pt x 123.9206pt.
File: logoDepartment.pdf Graphic file (type pdf)
<use logoDepartment.pdf>
Package pdftex.def Info: logoDepartment.pdf  used on input line 521.
(pdftex.def)             Requested size: 97.27617pt x 21.89796pt.

[12 <./images_thesis/7.png>]
<./images_thesis/9.png, id=354, 921.4425pt x 406.51875pt>
File: ./images_thesis/9.png Graphic file (type png)
<use ./images_thesis/9.png>
Package pdftex.def Info: ./images_thesis/9.png  used on input line 528.
(pdftex.def)             Requested size: 362.37569pt x 159.8691pt.
<./images_thesis/10.png, id=361, 303.1325pt x 453.695pt>
File: ./images_thesis/10.png Graphic file (type png)
<use ./images_thesis/10.png>
Package pdftex.def Info: ./images_thesis/10.png  used on input line 544.
(pdftex.def)             Requested size: 181.18439pt x 271.18068pt.
File: logoDepartment.pdf Graphic file (type pdf)
<use logoDepartment.pdf>
Package pdftex.def Info: logoDepartment.pdf  used on input line 550.
(pdftex.def)             Requested size: 97.27617pt x 21.89796pt.
 [13 <./images_thesis/8.png> <./images_thesis/9.png>]
File: logoDepartment.pdf Graphic file (type pdf)
<use logoDepartment.pdf>
Package pdftex.def Info: logoDepartment.pdf  used on input line 564.
(pdftex.def)             Requested size: 97.27617pt x 21.89796pt.
 [14{/usr/local/texlive/2024/texmf-dist/fonts/enc/dvips/cm-super/cm-super-ts1.e
nc} <./images_thesis/10.png>]
File: logoDepartment.pdf Graphic file (type pdf)
<use logoDepartment.pdf>
Package pdftex.def Info: logoDepartment.pdf  used on input line 594.
(pdftex.def)             Requested size: 97.27617pt x 21.89796pt.
 [15]
File: logoDepartment.pdf Graphic file (type pdf)
<use logoDepartment.pdf>
Package pdftex.def Info: logoDepartment.pdf  used on input line 608.
(pdftex.def)             Requested size: 97.27617pt x 21.89796pt.
 [16]
Overfull \hbox (3.03673pt too wide) in paragraph at lines 612--612
[]\T2A/cmr/bx/n/14.4 Temporal and Re-peated Re-la-tion-ship Rep-re-sen-ta-tion 
^^U "Mar-
 []

File: logoDepartment.pdf Graphic file (type pdf)
<use logoDepartment.pdf>
Package pdftex.def Info: logoDepartment.pdf  used on input line 621.
(pdftex.def)             Requested size: 97.27617pt x 21.89796pt.
[17]
<./images_thesis/11.png, id=403, 927.465pt x 376.40625pt>
File: ./images_thesis/11.png Graphic file (type png)
<use ./images_thesis/11.png>
Package pdftex.def Info: ./images_thesis/11.png  used on input line 628.
(pdftex.def)             Requested size: 362.37569pt x 147.06778pt.
File: logoDepartment.pdf Graphic file (type pdf)
<use logoDepartment.pdf>
Package pdftex.def Info: logoDepartment.pdf  used on input line 652.
(pdftex.def)             Requested size: 97.27617pt x 21.89796pt.
 [18 <./images_thesis/11.png>]
Underfull \vbox (badness 2781) has occurred while \output is active []

File: logoDepartment.pdf Graphic file (type pdf)
<use logoDepartment.pdf>
Package pdftex.def Info: logoDepartment.pdf  used on input line 672.
(pdftex.def)             Requested size: 97.27617pt x 21.89796pt.
 [19]
<./images_thesis/12.png, id=415, 481.8pt x 510.90875pt>
File: ./images_thesis/12.png Graphic file (type png)
<use ./images_thesis/12.png>
Package pdftex.def Info: ./images_thesis/12.png  used on input line 688.
(pdftex.def)             Requested size: 226.48395pt x 240.16612pt.
File: logoDepartment.pdf Graphic file (type pdf)
<use logoDepartment.pdf>
Package pdftex.def Info: logoDepartment.pdf  used on input line 696.
(pdftex.def)             Requested size: 97.27617pt x 21.89796pt.

[20]
File: logoDepartment.pdf Graphic file (type pdf)
<use logoDepartment.pdf>
Package pdftex.def Info: logoDepartment.pdf  used on input line 704.
(pdftex.def)             Requested size: 97.27617pt x 21.89796pt.
 [21 <./images_thesis/12.png>]
Underfull \vbox (badness 10000) has occurred while \output is active []

File: logoDepartment.pdf Graphic file (type pdf)
<use logoDepartment.pdf>
Package pdftex.def Info: logoDepartment.pdf  used on input line 720.
(pdftex.def)             Requested size: 97.27617pt x 21.89796pt.
 [22]
File: logoDepartment.pdf Graphic file (type pdf)
<use logoDepartment.pdf>
Package pdftex.def Info: logoDepartment.pdf  used on input line 742.
(pdftex.def)             Requested size: 97.27617pt x 21.89796pt.

[23]
<./images_thesis/13.png, id=444, 996.72375pt x 474.77374pt>
File: ./images_thesis/13.png Graphic file (type png)
<use ./images_thesis/13.png>
Package pdftex.def Info: ./images_thesis/13.png  used on input line 754.
(pdftex.def)             Requested size: 362.37569pt x 172.60637pt.


! LaTeX Error: Something's wrong--perhaps a missing \item.

See the LaTeX manual or LaTeX Companion for explanation.
Type  H <return>  for immediate help.
 ...                                              
                                                  
l.779 \end{verbatim}
                    
? 

! LaTeX Error: Something's wrong--perhaps a missing \item.

See the LaTeX manual or LaTeX Companion for explanation.
Type  H <return>  for immediate help.
 ...                                              
                                                  
l.779 \end{verbatim}
                    
? 
! Missing } inserted.
<inserted text> 
                }
l.779 \end{verbatim}
                    
? 
! Extra \endgroup.
<recently read> \endgroup 
                          
l.779 \end{verbatim}
                    
? 

! LaTeX Error: \begin{document} ended by \end{Verbatim}.

See the LaTeX manual or LaTeX Companion for explanation.
Type  H <return>  for immediate help.
 ...                                              
                                                  
l.779 \end{verbatim}
                    
? 
! Extra \endgroup.
<recently read> \endgroup 
                          
l.779 \end{verbatim}
                    
? 

! LaTeX Error: \begin{document} ended by \end{verbatim}.

See the LaTeX manual or LaTeX Companion for explanation.
Type  H <return>  for immediate help.
 ...                                              
                                                  
l.779 \end{verbatim}
                    
? 
! Extra \endgroup.
<recently read> \endgroup 
                          
l.779 \end{verbatim}
                    
? 
! Too many }'s.
l.780 }
       
? 
File: logoDepartment.pdf Graphic file (type pdf)
<use logoDepartment.pdf>
Package pdftex.def Info: logoDepartment.pdf  used on input line 785.
(pdftex.def)             Requested size: 97.27617pt x 21.89796pt.
[24 <./images_thesis/13.png>]
File: logoDepartment.pdf Graphic file (type pdf)
<use logoDepartment.pdf>
Package pdftex.def Info: logoDepartment.pdf  used on input line 827.
(pdftex.def)             Requested size: 97.27617pt x 21.89796pt.
 [25]
Overfull \hbox (5.46239pt too wide) in paragraph at lines 855--856
\T2A/cmr/m/n/14.4 erty ta-ble is re-placed by a com-bi-na-tion of <property-cha
in> and <cardinality-
 []

File: logoDepartment.pdf Graphic file (type pdf)
<use logoDepartment.pdf>
Package pdftex.def Info: logoDepartment.pdf  used on input line 856.
(pdftex.def)             Requested size: 97.27617pt x 21.89796pt.
[26]
<./images_thesis/14.png, id=462, 967.615pt x 308.15125pt>
File: ./images_thesis/14.png Graphic file (type png)
<use ./images_thesis/14.png>
Package pdftex.def Info: ./images_thesis/14.png  used on input line 860.
(pdftex.def)             Requested size: 362.37569pt x 115.40596pt.
<./images_thesis/15.png, id=463, 958.58125pt x 271.0125pt>
File: ./images_thesis/15.png Graphic file (type png)
<use ./images_thesis/15.png>
Package pdftex.def Info: ./images_thesis/15.png  used on input line 871.
(pdftex.def)             Requested size: 362.37569pt x 102.45235pt.
File: logoDepartment.pdf Graphic file (type pdf)
<use logoDepartment.pdf>
Package pdftex.def Info: logoDepartment.pdf  used on input line 887.
(pdftex.def)             Requested size: 97.27617pt x 21.89796pt.
 [27 <./images_thesis/14.png> <./images_thesis/15.png>]
<./images_thesis/16.png, id=472, 960.58875pt x 277.035pt>
File: ./images_thesis/16.png Graphic file (type png)
<use ./images_thesis/16.png>
Package pdftex.def Info: ./images_thesis/16.png  used on input line 935.
(pdftex.def)             Requested size: 452.9679pt x 130.63763pt.
File: logoDepartment.pdf Graphic file (type pdf)
<use logoDepartment.pdf>
Package pdftex.def Info: logoDepartment.pdf  used on input line 941.
(pdftex.def)             Requested size: 97.27617pt x 21.89796pt.
 [28]
<./images_thesis/17.png, id=477, 960.58875pt x 373.395pt>
File: ./images_thesis/17.png Graphic file (type png)
<use ./images_thesis/17.png>
Package pdftex.def Info: ./images_thesis/17.png  used on input line 946.
(pdftex.def)             Requested size: 452.9679pt x 176.07681pt.
File: logoDepartment.pdf Graphic file (type pdf)
<use logoDepartment.pdf>
Package pdftex.def Info: logoDepartment.pdf  used on input line 960.
(pdftex.def)             Requested size: 97.27617pt x 21.89796pt.
 [29 <./images_thesis/16.png> <./images_thesis/17.png>]
File: logoDepartment.pdf Graphic file (type pdf)
<use logoDepartment.pdf>
Package pdftex.def Info: logoDepartment.pdf  used on input line 997.
(pdftex.def)             Requested size: 97.27617pt x 21.89796pt.
 [30]
File: logoDepartment.pdf Graphic file (type pdf)
<use logoDepartment.pdf>
Package pdftex.def Info: logoDepartment.pdf  used on input line 1036.
(pdftex.def)             Requested size: 97.27617pt x 21.89796pt.
 [31]
<./images_thesis/18.png, id=495, 1442.38875pt x 460.72125pt>
File: ./images_thesis/18.png Graphic file (type png)
<use ./images_thesis/18.png>
Package pdftex.def Info: ./images_thesis/18.png  used on input line 1042.
(pdftex.def)             Requested size: 452.9679pt x 144.68506pt.
File: logoDepartment.pdf Graphic file (type pdf)
<use logoDepartment.pdf>
Package pdftex.def Info: logoDepartment.pdf  used on input line 1053.
(pdftex.def)             Requested size: 97.27617pt x 21.89796pt.
 [32 <./images_thesis/18.png>]
File: logoDepartment.pdf Graphic file (type pdf)
<use logoDepartment.pdf>
Package pdftex.def Info: logoDepartment.pdf  used on input line 1079.
(pdftex.def)             Requested size: 97.27617pt x 21.89796pt.
 [33]
LaTeX Font Info:    Trying to load font information for TS1+cmtt on input line 
1094.
 (/usr/local/texlive/2024/texmf-dist/tex/latex/base/ts1cmtt.fd
File: ts1cmtt.fd 2023/04/13 v2.5m Standard LaTeX font definitions
)
File: logoDepartment.pdf Graphic file (type pdf)
<use logoDepartment.pdf>
Package pdftex.def Info: logoDepartment.pdf  used on input line 1109.
(pdftex.def)             Requested size: 97.27617pt x 21.89796pt.
 [34]
File: logoDepartment.pdf Graphic file (type pdf)
<use logoDepartment.pdf>
Package pdftex.def Info: logoDepartment.pdf  used on input line 1156.
(pdftex.def)             Requested size: 97.27617pt x 21.89796pt.

[35]
File: logoDepartment.pdf Graphic file (type pdf)
<use logoDepartment.pdf>
Package pdftex.def Info: logoDepartment.pdf  used on input line 1205.
(pdftex.def)             Requested size: 97.27617pt x 21.89796pt.
 [36]
File: logoDepartment.pdf Graphic file (type pdf)
<use logoDepartment.pdf>
Package pdftex.def Info: logoDepartment.pdf  used on input line 1245.
(pdftex.def)             Requested size: 97.27617pt x 21.89796pt.
 [37]
File: logoDepartment.pdf Graphic file (type pdf)
<use logoDepartment.pdf>
Package pdftex.def Info: logoDepartment.pdf  used on input line 1283.
(pdftex.def)             Requested size: 97.27617pt x 21.89796pt.
 [38]
Underfull \vbox (badness 1365) has occurred while \output is active []

File: logoDepartment.pdf Graphic file (type pdf)
<use logoDepartment.pdf>
Package pdftex.def Info: logoDepartment.pdf  used on input line 1316.
(pdftex.def)             Requested size: 97.27617pt x 21.89796pt.
 [39]
File: logoDepartment.pdf Graphic file (type pdf)
<use logoDepartment.pdf>
Package pdftex.def Info: logoDepartment.pdf  used on input line 1333.
(pdftex.def)             Requested size: 97.27617pt x 21.89796pt.

[40]
Overfull \hbox (13.2828pt too wide) in paragraph at lines 1366--1378
 [][] 
 []

File: logoDepartment.pdf Graphic file (type pdf)
<use logoDepartment.pdf>
Package pdftex.def Info: logoDepartment.pdf  used on input line 1451.
(pdftex.def)             Requested size: 97.27617pt x 21.89796pt.
[41]
Underfull \vbox (badness 10000) has occurred while \output is active []

File: logoDepartment.pdf Graphic file (type pdf)
<use logoDepartment.pdf>
Package pdftex.def Info: logoDepartment.pdf  used on input line 1472.
(pdftex.def)             Requested size: 97.27617pt x 21.89796pt.
 [42]
File: logoDepartment.pdf Graphic file (type pdf)
<use logoDepartment.pdf>
Package pdftex.def Info: logoDepartment.pdf  used on input line 1527.
(pdftex.def)             Requested size: 97.27617pt x 21.89796pt.

[43]
Overfull \hbox (4.51334pt too wide) in paragraph at lines 1566--1567
\T2A/cmr/m/n/14.4 verter faster than the ex-ist-ing ap-proaches for other rdf s
truc-tures, like rdf2hdt.
 []

File: logoDepartment.pdf Graphic file (type pdf)
<use logoDepartment.pdf>
Package pdftex.def Info: logoDepartment.pdf  used on input line 1569.
(pdftex.def)             Requested size: 97.27617pt x 21.89796pt.
[44] (./full_thesis.bbl
Underfull \hbox (badness 6428) in paragraph at lines 311--326
[]\T2A/cmr/m/n/12 Oxford Se-man-tic Tech-nolo-gies.  (2023).  \T2A/cmr/m/it/12 
En-hanc-ing Wiki-data per-for-mance
 []


Underfull \hbox (badness 3907) in paragraph at lines 311--326
\T2A/cmr/m/it/12 with RD-Fox: How to dis-sect the world's lead-ing RDF database
 faster.
 []


Underfull \hbox (badness 10000) in paragraph at lines 311--326
[]$\T2A/cmtt/m/n/12 https :// www [] .oxfordsemantic [] .tech / blog / enhancin
g [] -wikidata [] -performance []
 []


Underfull \hbox (badness 10000) in paragraph at lines 311--326
\T2A/cmtt/m/n/12 -with [] -rdfox [] -how [] -to [] -dissect [] -the [] -worlds 
[] -leading [] -rdf [] -database [] -faster$[]\T2A/cmr/m/n/12 .
 []

File: logoDepartment.pdf Graphic file (type pdf)
<use logoDepartment.pdf>
Package pdftex.def Info: logoDepartment.pdf  used on input line 326.
(pdftex.def)             Requested size: 97.27617pt x 21.89796pt.
[45])
File: logoDepartment.pdf Graphic file (type pdf)
<use logoDepartment.pdf>
Package pdftex.def Info: logoDepartment.pdf  used on input line 1575.
(pdftex.def)             Requested size: 97.27617pt x 21.89796pt.
 [46] (./full_thesis.aux)
 ***********
LaTeX2e <2023-11-01> patch level 1
L3 programming layer <2024-02-20>
 ***********


LaTeX Warning: Label(s) may have changed. Rerun to get cross-references right.

Package rerunfilecheck Info: File `full_thesis.out' has not changed.
(rerunfilecheck)             Checksum: E9DF5A97F498915AF1FF7850654D2A85;7369.
 ) 
Here is how much of TeX's memory you used:
 16110 strings out of 474116
 256056 string characters out of 5743683
 1981187 words of memory out of 5000000
 38103 multiletter control sequences out of 15000+600000
 578596 words of font info for 80 fonts, out of 8000000 for 9000
 1141 hyphenation exceptions out of 8191
 69i,16n,79p,1021b,725s stack positions out of 10000i,1000n,20000p,200000b,200000s
</usr/local/texlive/2024/texmf-dist/fonts/type1/public/amsfonts/cm/cmmi6.pfb>
</usr/local/texlive/2024/texmf-dist/fonts/type1/public/amsfonts/cm/cmsy10.pfb><
/usr/local/texlive/2024/texmf-dist/fonts/type1/public/amsfonts/cm/cmsy6.pfb></u
sr/local/texlive/2024/texmf-dist/fonts/type1/public/amsfonts/cm/cmsy7.pfb></usr
/local/texlive/2024/texmf-dist/fonts/type1/public/cm-super/sfbx1095.pfb></usr/l
ocal/texlive/2024/texmf-dist/fonts/type1/public/cm-super/sfbx1200.pfb></usr/loc
al/texlive/2024/texmf-dist/fonts/type1/public/cm-super/sfbx1440.pfb></usr/local
/texlive/2024/texmf-dist/fonts/type1/public/cm-super/sfbx1728.pfb></usr/local/t
exlive/2024/texmf-dist/fonts/type1/public/cm-super/sfbx2488.pfb></usr/local/tex
live/2024/texmf-dist/fonts/type1/public/cm-super/sfrm1000.pfb></usr/local/texli
ve/2024/texmf-dist/fonts/type1/public/cm-super/sfrm1095.pfb></usr/local/texlive
/2024/texmf-dist/fonts/type1/public/cm-super/sfrm1200.pfb></usr/local/texlive/2
024/texmf-dist/fonts/type1/public/cm-super/sfrm1440.pfb></usr/local/texlive/202
4/texmf-dist/fonts/type1/public/cm-super/sfrm2074.pfb></usr/local/texlive/2024/
texmf-dist/fonts/type1/public/cm-super/sfti1200.pfb></usr/local/texlive/2024/te
xmf-dist/fonts/type1/public/cm-super/sftt1000.pfb></usr/local/texlive/2024/texm
f-dist/fonts/type1/public/cm-super/sftt1200.pfb></usr/local/texlive/2024/texmf-
dist/fonts/type1/public/cm-super/sftt1440.pfb>
Output written on full_thesis.pdf (46 pages, 3737713 bytes).
PDF statistics:
 710 PDF objects out of 1000 (max. 8388607)
 574 compressed objects within 6 object streams
 126 named destinations out of 1000 (max. 500000)
 421 words of extra memory for PDF output out of 10000 (max. 10000000)

